<?xml version="1.0" encoding="UTF-8"?>
<!-- Generated by org.testng.reporters.JUnitReportReporter -->
<testsuite skipped="0" hostname="LTIN300090" name="Selenium.Handson.placeOrder" tests="1" failures="0" timestamp="11 Feb 2024 08:34:34 GMT" time="27.099" errors="0">
  <testcase name="placeorder" time="27.099" classname="Selenium.Handson.placeOrder"/>
</testsuite> <!-- Selenium.Handson.placeOrder -->
