<?xml version="1.0" encoding="UTF-8"?>
<!-- Generated by org.testng.reporters.JUnitReportReporter -->
<testsuite skipped="0" hostname="LTIN300090" name="Selenium.Test.placeOrderTest" tests="1" failures="0" timestamp="11 Feb 2024 15:27:32 GMT" time="20.652" errors="0">
  <testcase name="placeorder" time="20.652" classname="Selenium.Test.placeOrderTest"/>
</testsuite> <!-- Selenium.Test.placeOrderTest -->
